#
# There is insufficient memory for the Java Runtime Environment to continue.
# Native memory allocation (malloc) failed to allocate 512016 bytes for Chunk::new
# Possible reasons:
#   The system is out of physical RAM or swap space
#   The process is running with CompressedOops enabled, and the Java Heap may be blocking the growth of the native heap
# Possible solutions:
#   Reduce memory load on the system
#   Increase physical memory or swap space
#   Check if swap backing store is full
#   Decrease Java heap size (-Xmx/-Xms)
#   Decrease number of Java threads
#   Decrease Java thread stack sizes (-Xss)
#   Set larger code cache with -XX:ReservedCodeCacheSize=
#   JVM is running with Unscaled Compressed Oops mode in which the Java heap is
#     placed in the first 4GB address space. The Java Heap base address is the
#     maximum limit for the native heap growth. Please use -XX:HeapBaseMinAddress
#     to set the Java Heap base and to place the Java Heap above 4GB virtual address.
# This output file may be truncated or incomplete.
#
#  Out of Memory Error (allocation.cpp:389), pid=19228, tid=0x00000000000012bc
#
# JRE version: OpenJDK Runtime Environment (8.0_212-b04) (build 1.8.0_212-release-1586-b04)
# Java VM: OpenJDK 64-Bit Server VM (25.212-b04 mixed mode windows-amd64 compressed oops)
# Failed to write core dump. Minidumps are not enabled by default on client versions of Windows
#

---------------  T H R E A D  ---------------

Current thread (0x0000000018da3000):  JavaThread "C2 CompilerThread0" daemon [_thread_in_native, id=4796, stack(0x0000000019580000,0x0000000019680000)]

Stack: [0x0000000019580000,0x0000000019680000]
[error occurred during error reporting (printing stack bounds), id 0xc0000005]

Native frames: (J=compiled Java code, j=interpreted, Vv=VM code, C=native code)


Current CompileTask:
C2:  93546 13500       4       java.util.TimSort::sort (229 bytes)


---------------  P R O C E S S  ---------------

Java Threads: ( => current thread )
  0x0000000021df4800 JavaThread "stdout" [_thread_in_native, id=5776, stack(0x00000000272b0000,0x00000000273b0000)]
  0x0000000021df3800 JavaThread "stderr" [_thread_in_native, id=14456, stack(0x00000000270b0000,0x00000000271b0000)]
  0x0000000021df3000 JavaThread "pool-4-thread-1" [_thread_blocked, id=20384, stack(0x0000000026fb0000,0x00000000270b0000)]
  0x0000000021df9800 JavaThread "WorkerExecutor Queue Thread 2" [_thread_blocked, id=13328, stack(0x0000000026cb0000,0x0000000026db0000)]
  0x0000000021df9000 JavaThread "WorkerExecutor Queue" [_thread_blocked, id=11292, stack(0x00000000265b0000,0x00000000266b0000)]
  0x0000000021df6800 JavaThread "Cache worker for execution history cache (D:\Androidproject\.gradle\5.6.4\executionHistory)" [_thread_blocked, id=15288, stack(0x00000000264b0000,0x00000000265b0000)]
  0x0000000021dea800 JavaThread "Execution worker for ':' Thread 7" [_thread_blocked, id=16912, stack(0x00000000261b0000,0x00000000262b0000)]
  0x0000000021df0800 JavaThread "Execution worker for ':' Thread 6" [_thread_blocked, id=5440, stack(0x00000000258b0000,0x00000000259b0000)]
  0x0000000021df0000 JavaThread "Execution worker for ':' Thread 5" [_thread_blocked, id=15108, stack(0x00000000256b0000,0x00000000257b0000)]
  0x0000000021dee800 JavaThread "Execution worker for ':' Thread 4" [_thread_in_native, id=3056, stack(0x00000000253b0000,0x00000000254b0000)]
  0x0000000021deb800 JavaThread "Execution worker for ':' Thread 3" [_thread_blocked, id=13796, stack(0x00000000252b0000,0x00000000253b0000)]
  0x0000000021df1800 JavaThread "Execution worker for ':' Thread 2" [_thread_blocked, id=7848, stack(0x00000000251b0000,0x00000000252b0000)]
  0x0000000021ded800 JavaThread "Execution worker for ':'" [_thread_blocked, id=1924, stack(0x00000000248b0000,0x00000000249b0000)]
  0x000000001ec96800 JavaThread "Cache worker for file content cache (D:\Androidproject\.gradle\5.6.4\fileContent)" [_thread_blocked, id=9692, stack(0x00000000239b0000,0x0000000023ab0000)]
  0x000000001ec92000 JavaThread "Cache worker for Build Output Cleanup Cache (D:\Androidproject\.gradle\buildOutputCleanup)" [_thread_blocked, id=16672, stack(0x0000000023090000,0x0000000023190000)]
  0x000000001ec95800 JavaThread "Build operations Thread 8" [_thread_blocked, id=13096, stack(0x0000000022f90000,0x0000000023090000)]
  0x000000001ec92800 JavaThread "Build operations Thread 7" [_thread_blocked, id=15212, stack(0x0000000022e90000,0x0000000022f90000)]
  0x000000001ec95000 JavaThread "Build operations Thread 6" [_thread_blocked, id=14864, stack(0x0000000022d90000,0x0000000022e90000)]
  0x000000001ec94000 JavaThread "Build operations Thread 5" [_thread_blocked, id=17432, stack(0x0000000022c90000,0x0000000022d90000)]
  0x000000001ec89800 JavaThread "Build operations Thread 4" [_thread_blocked, id=4976, stack(0x0000000022b90000,0x0000000022c90000)]
  0x000000001ec90800 JavaThread "Build operations Thread 3" [_thread_blocked, id=7352, stack(0x0000000022a90000,0x0000000022b90000)]
  0x000000001ec8f000 JavaThread "Build operations Thread 2" [_thread_blocked, id=12712, stack(0x0000000022990000,0x0000000022a90000)]
  0x000000001ec8e000 JavaThread "Build operations" [_thread_blocked, id=9276, stack(0x0000000022790000,0x0000000022890000)]
  0x000000001ec8f800 JavaThread "Cache worker for cache directory md-rule (C:\Users\HuaWei\.gradle\caches\5.6.4\md-rule)" [_thread_blocked, id=15740, stack(0x0000000022690000,0x0000000022790000)]
  0x000000001ec8b000 JavaThread "Cache worker for cache directory md-supplier (C:\Users\HuaWei\.gradle\caches\5.6.4\md-supplier)" [_thread_blocked, id=17036, stack(0x000000001f790000,0x000000001f890000)]
  0x000000001ec87800 JavaThread "Cache worker for file hash cache (D:\Androidproject\.gradle\5.6.4\fileHashes)" [_thread_blocked, id=16220, stack(0x000000001cef0000,0x000000001cff0000)]
  0x000000001ec89000 JavaThread "Thread-48" [_thread_blocked, id=6508, stack(0x000000001ccf0000,0x000000001cdf0000)]
  0x000000001ec8d800 JavaThread "Stdin handler" [_thread_blocked, id=19664, stack(0x000000001c9f0000,0x000000001caf0000)]
  0x000000001ec8c800 JavaThread "Asynchronous log dispatcher for DefaultDaemonConnection: socket connection from /127.0.0.1:61053 to /127.0.0.1:61160" [_thread_blocked, id=6292, stack(0x0000000001290000,0x0000000001390000)]
  0x000000001ec8c000 JavaThread "Cancel handler" [_thread_blocked, id=14308, stack(0x0000000001190000,0x0000000001290000)]
  0x000000001ec8a800 JavaThread "Handler for socket connection from /127.0.0.1:61053 to /127.0.0.1:61160" [_thread_in_native, id=17532, stack(0x0000000001090000,0x0000000001190000)]
  0x000000001ec93800 JavaThread "ForkJoinPool.commonPool-worker-5" daemon [_thread_blocked, id=16808, stack(0x00000000276c0000,0x00000000277c0000)]
  0x000000001ec88000 JavaThread "Cache worker for Java compile cache (C:\Users\HuaWei\.gradle\caches\5.6.4\javaCompile)" [_thread_blocked, id=15764, stack(0x00000000257b0000,0x00000000258b0000)]
  0x0000000021df5000 JavaThread "Cache worker for file content cache (C:\Users\HuaWei\.gradle\caches\5.6.4\fileContent)" [_thread_blocked, id=10368, stack(0x00000000247b0000,0x00000000248b0000)]
  0x0000000021df7800 JavaThread "Memory manager" [_thread_blocked, id=15904, stack(0x00000000246b0000,0x00000000247b0000)]
  0x0000000021def000 JavaThread "Cache worker for execution history cache (C:\Users\HuaWei\.gradle\caches\5.6.4\executionHistory)" [_thread_blocked, id=19644, stack(0x0000000022890000,0x0000000022990000)]
  0x0000000019d92000 JavaThread "Cache worker for journal cache (C:\Users\HuaWei\.gradle\caches\journal-1)" [_thread_blocked, id=17456, stack(0x000000001d6f0000,0x000000001d7f0000)]
  0x0000000019d91000 JavaThread "File lock request listener" [_thread_in_native, id=3520, stack(0x000000001d5f0000,0x000000001d6f0000)]
  0x000000001b018800 JavaThread "Cache worker for file hash cache (C:\Users\HuaWei\.gradle\caches\5.6.4\fileHashes)" [_thread_blocked, id=15060, stack(0x000000001d4f0000,0x000000001d5f0000)]
  0x000000001b726000 JavaThread "Daemon worker" [_thread_blocked, id=10516, stack(0x000000001cdf0000,0x000000001cef0000)]
  0x000000001b6f2800 JavaThread "Daemon" [_thread_blocked, id=3052, stack(0x000000001c8f0000,0x000000001c9f0000)]
  0x000000001b6e9800 JavaThread "Daemon periodic checks" [_thread_blocked, id=10648, stack(0x000000001c7f0000,0x000000001c8f0000)]
  0x000000001b68d000 JavaThread "Incoming local TCP Connector on port 61053" [_thread_in_native, id=8952, stack(0x000000001c640000,0x000000001c740000)]
  0x0000000019cdc800 JavaThread "Daemon health stats" [_thread_blocked, id=13380, stack(0x000000001c320000,0x000000001c420000)]
  0x0000000018e38000 JavaThread "Service Thread" daemon [_thread_blocked, id=16016, stack(0x0000000019980000,0x0000000019a80000)]
  0x0000000018dae000 JavaThread "C1 CompilerThread3" daemon [_thread_blocked, id=17596, stack(0x0000000019880000,0x0000000019980000)]
  0x0000000018da7000 JavaThread "C2 CompilerThread2" daemon [_thread_blocked, id=11452, stack(0x0000000019780000,0x0000000019880000)]
  0x0000000018da6000 JavaThread "C2 CompilerThread1" daemon [_thread_blocked, id=17048, stack(0x0000000019680000,0x0000000019780000)]
=>0x0000000018da3000 JavaThread "C2 CompilerThread0" daemon [_thread_in_native, id=4796, stack(0x0000000019580000,0x0000000019680000)]
  0x0000000018d4f800 JavaThread "Attach Listener" daemon [_thread_blocked, id=4704, stack(0x0000000019480000,0x0000000019580000)]
  0x0000000018d36800 JavaThread "Signal Dispatcher" daemon [_thread_blocked, id=17388, stack(0x0000000019380000,0x0000000019480000)]
  0x000000000312c800 JavaThread "Finalizer" daemon [_thread_blocked, id=9936, stack(0x0000000019210000,0x0000000019310000)]
  0x0000000018d30800 JavaThread "Reference Handler" daemon [_thread_blocked, id=2896, stack(0x0000000019110000,0x0000000019210000)]
  0x0000000002f2e000 JavaThread "main" [_thread_blocked, id=20268, stack(0x0000000002f30000,0x0000000003030000)]

Other Threads:
  0x0000000016f18800 VMThread [stack: 0x0000000018c10000,0x0000000018d10000] [id=15524]
  0x0000000018dba000 WatcherThread [stack: 0x0000000019a80000,0x0000000019b80000] [id=13152]

VM state:not at safepoint (normal execution)

VM Mutex/Monitor currently owned by a thread: None

heap address: 0x00000000a0000000, size: 1536 MB, Compressed Oops mode: 32-bit
Narrow klass base: 0x0000000000000000, Narrow klass shift: 3
Compressed class space size: 1073741824 Address: 0x0000000100000000

Heap:
 PSYoungGen      total 145408K, used 59856K [0x00000000e0000000, 0x00000000ed080000, 0x0000000100000000)
  eden space 115200K, 25% used [0x00000000e0000000,0x00000000e1cfb198,0x00000000e7080000)
  from space 30208K, 99% used [0x00000000e7080000,0x00000000e8df90a0,0x00000000e8e00000)
  to   space 38912K, 0% used [0x00000000eaa80000,0x00000000eaa80000,0x00000000ed080000)
 ParOldGen       total 159232K, used 55690K [0x00000000a0000000, 0x00000000a9b80000, 0x00000000e0000000)
  object space 159232K, 34% used [0x00000000a0000000,0x00000000a3662b08,0x00000000a9b80000)
 Metaspace       used 86990K, capacity 93016K, committed 93096K, reserved 1128448K
  class space    used 11806K, capacity 13155K, committed 13224K, reserved 1048576K

Card table byte_map: [0x0000000012500000,0x0000000012810000] byte_map_base: 0x0000000012000000

Marking Bits: (ParMarkBitMap*) 0x00000000512c9f30
 Begin Bits: [0x0000000013210000, 0x0000000014a10000)
 End Bits:   [0x0000000014a10000, 0x0000000016210000)

Polling page: 0x0000000002f00000

CodeCache: size=245760Kb used=35495Kb max_used=35514Kb free=210264Kb
 bounds [0x0000000003140000, 0x0000000005420000, 0x0000000012140000]
 total_blobs=12559 nmethods=11687 adapters=783
 compilation: enabled

Compilation events (10 events):
Event: 93.344 Thread 0x0000000018dae000 13549       3       com.google.gson.internal.$Gson$Types::resolve (14 bytes)
Event: 93.345 Thread 0x0000000018dae000 nmethod 13549 0x00000000053faf90 code [0x00000000053fb140, 0x00000000053fb608]
Event: 93.346 Thread 0x0000000018da7000 nmethod 13545 0x00000000053f8d50 code [0x00000000053f8ec0, 0x00000000053f9568]
Event: 93.346 Thread 0x0000000018da7000 13546   !   4       java.io.BufferedWriter::write (117 bytes)
Event: 93.351 Thread 0x0000000018da7000 nmethod 13546 0x000000000540c6d0 code [0x000000000540c820, 0x000000000540cf28]
Event: 93.359 Thread 0x0000000018dae000 13550       3       com.google.common.io.ByteStreams$1::write (6 bytes)
Event: 93.360 Thread 0x0000000018dae000 nmethod 13550 0x000000000540c190 code [0x000000000540c300, 0x000000000540c5a8]
Event: 93.360 Thread 0x0000000018dae000 13551       3       org.gradle.internal.hash.Hashing$MessageDigestHasher::putBytes (11 bytes)
Event: 93.360 Thread 0x0000000018dae000 nmethod 13551 0x000000000540bad0 code [0x000000000540bc60, 0x000000000540bfd8]
Event: 93.363 Thread 0x0000000018da6000 nmethod 13547% 0x000000000540d690 code [0x000000000540d880, 0x000000000540e530]

GC Heap History (10 events):
Event: 26.235 GC heap before
{Heap before GC invocations=20 (full 3):
 PSYoungGen      total 113152K, used 91648K [0x00000000e0000000, 0x00000000e8d80000, 0x0000000100000000)
  eden space 91648K, 100% used [0x00000000e0000000,0x00000000e5980000,0x00000000e5980000)
  from space 21504K, 0% used [0x00000000e6f80000,0x00000000e6f80000,0x00000000e8480000)
  to   space 22528K, 0% used [0x00000000e5980000,0x00000000e5980000,0x00000000e6f80000)
 ParOldGen       total 159232K, used 41808K [0x00000000a0000000, 0x00000000a9b80000, 0x00000000e0000000)
  object space 159232K, 26% used [0x00000000a0000000,0x00000000a28d4090,0x00000000a9b80000)
 Metaspace       used 60162K, capacity 63928K, committed 64168K, reserved 1103872K
  class space    used 8349K, capacity 9283K, committed 9384K, reserved 1048576K
Event: 26.248 GC heap after
Heap after GC invocations=20 (full 3):
 PSYoungGen      total 114176K, used 9403K [0x00000000e0000000, 0x00000000e9300000, 0x0000000100000000)
  eden space 91648K, 0% used [0x00000000e0000000,0x00000000e0000000,0x00000000e5980000)
  from space 22528K, 41% used [0x00000000e5980000,0x00000000e62aee78,0x00000000e6f80000)
  to   space 21504K, 0% used [0x00000000e7e00000,0x00000000e7e00000,0x00000000e9300000)
 ParOldGen       total 159232K, used 41816K [0x00000000a0000000, 0x00000000a9b80000, 0x00000000e0000000)
  object space 159232K, 26% used [0x00000000a0000000,0x00000000a28d6090,0x00000000a9b80000)
 Metaspace       used 60162K, capacity 63928K, committed 64168K, reserved 1103872K
  class space    used 8349K, capacity 9283K, committed 9384K, reserved 1048576K
}
Event: 46.791 GC heap before
{Heap before GC invocations=21 (full 3):
 PSYoungGen      total 114176K, used 101051K [0x00000000e0000000, 0x00000000e9300000, 0x0000000100000000)
  eden space 91648K, 100% used [0x00000000e0000000,0x00000000e5980000,0x00000000e5980000)
  from space 22528K, 41% used [0x00000000e5980000,0x00000000e62aee78,0x00000000e6f80000)
  to   space 21504K, 0% used [0x00000000e7e00000,0x00000000e7e00000,0x00000000e9300000)
 ParOldGen       total 159232K, used 41816K [0x00000000a0000000, 0x00000000a9b80000, 0x00000000e0000000)
  object space 159232K, 26% used [0x00000000a0000000,0x00000000a28d6090,0x00000000a9b80000)
 Metaspace       used 66266K, capacity 70178K, committed 70312K, reserved 1110016K
  class space    used 9105K, capacity 10102K, committed 10152K, reserved 1048576K
Event: 46.811 GC heap after
Heap after GC invocations=21 (full 3):
 PSYoungGen      total 126976K, used 16239K [0x00000000e0000000, 0x00000000e9300000, 0x0000000100000000)
  eden space 105472K, 0% used [0x00000000e0000000,0x00000000e0000000,0x00000000e6700000)
  from space 21504K, 75% used [0x00000000e7e00000,0x00000000e8ddbfd0,0x00000000e9300000)
  to   space 22528K, 0% used [0x00000000e6700000,0x00000000e6700000,0x00000000e7d00000)
 ParOldGen       total 159232K, used 41824K [0x00000000a0000000, 0x00000000a9b80000, 0x00000000e0000000)
  object space 159232K, 26% used [0x00000000a0000000,0x00000000a28d8090,0x00000000a9b80000)
 Metaspace       used 66266K, capacity 70178K, committed 70312K, reserved 1110016K
  class space    used 9105K, capacity 10102K, committed 10152K, reserved 1048576K
}
Event: 49.846 GC heap before
{Heap before GC invocations=22 (full 3):
 PSYoungGen      total 126976K, used 121711K [0x00000000e0000000, 0x00000000e9300000, 0x0000000100000000)
  eden space 105472K, 100% used [0x00000000e0000000,0x00000000e6700000,0x00000000e6700000)
  from space 21504K, 75% used [0x00000000e7e00000,0x00000000e8ddbfd0,0x00000000e9300000)
  to   space 22528K, 0% used [0x00000000e6700000,0x00000000e6700000,0x00000000e7d00000)
 ParOldGen       total 159232K, used 41824K [0x00000000a0000000, 0x00000000a9b80000, 0x00000000e0000000)
  object space 159232K, 26% used [0x00000000a0000000,0x00000000a28d8090,0x00000000a9b80000)
 Metaspace       used 76598K, capacity 81478K, committed 81704K, reserved 1120256K
  class space    used 10667K, capacity 11784K, committed 11816K, reserved 1048576K
Event: 49.862 GC heap after
Heap after GC invocations=22 (full 3):
 PSYoungGen      total 128000K, used 22513K [0x00000000e0000000, 0x00000000ea700000, 0x0000000100000000)
  eden space 105472K, 0% used [0x00000000e0000000,0x00000000e0000000,0x00000000e6700000)
  from space 22528K, 99% used [0x00000000e6700000,0x00000000e7cfc6a8,0x00000000e7d00000)
  to   space 25600K, 0% used [0x00000000e8e00000,0x00000000e8e00000,0x00000000ea700000)
 ParOldGen       total 159232K, used 41932K [0x00000000a0000000, 0x00000000a9b80000, 0x00000000e0000000)
  object space 159232K, 26% used [0x00000000a0000000,0x00000000a28f32d0,0x00000000a9b80000)
 Metaspace       used 76598K, capacity 81478K, committed 81704K, reserved 1120256K
  class space    used 10667K, capacity 11784K, committed 11816K, reserved 1048576K
}
Event: 51.551 GC heap before
{Heap before GC invocations=23 (full 3):
 PSYoungGen      total 128000K, used 127985K [0x00000000e0000000, 0x00000000ea700000, 0x0000000100000000)
  eden space 105472K, 100% used [0x00000000e0000000,0x00000000e6700000,0x00000000e6700000)
  from space 22528K, 99% used [0x00000000e6700000,0x00000000e7cfc6a8,0x00000000e7d00000)
  to   space 25600K, 0% used [0x00000000e8e00000,0x00000000e8e00000,0x00000000ea700000)
 ParOldGen       total 159232K, used 41932K [0x00000000a0000000, 0x00000000a9b80000, 0x00000000e0000000)
  object space 159232K, 26% used [0x00000000a0000000,0x00000000a28f32d0,0x00000000a9b80000)
 Metaspace       used 82569K, capacity 88096K, committed 88232K, reserved 1124352K
  class space    used 11447K, capacity 12687K, committed 12712K, reserved 1048576K
Event: 51.635 GC heap after
Heap after GC invocations=23 (full 3):
 PSYoungGen      total 140800K, used 25585K [0x00000000e0000000, 0x00000000eb700000, 0x0000000100000000)
  eden space 115200K, 0% used [0x00000000e0000000,0x00000000e0000000,0x00000000e7080000)
  from space 25600K, 99% used [0x00000000e8e00000,0x00000000ea6fc5a8,0x00000000ea700000)
  to   space 30208K, 0% used [0x00000000e7080000,0x00000000e7080000,0x00000000e8e00000)
 ParOldGen       total 159232K, used 44108K [0x00000000a0000000, 0x00000000a9b80000, 0x00000000e0000000)
  object space 159232K, 27% used [0x00000000a0000000,0x00000000a2b13248,0x00000000a9b80000)
 Metaspace       used 82569K, capacity 88096K, committed 88232K, reserved 1124352K
  class space    used 11447K, capacity 12687K, committed 12712K, reserved 1048576K
}
Event: 88.553 GC heap before
{Heap before GC invocations=24 (full 3):
 PSYoungGen      total 140800K, used 140785K [0x00000000e0000000, 0x00000000eb700000, 0x0000000100000000)
  eden space 115200K, 100% used [0x00000000e0000000,0x00000000e7080000,0x00000000e7080000)
  from space 25600K, 99% used [0x00000000e8e00000,0x00000000ea6fc5a8,0x00000000ea700000)
  to   space 30208K, 0% used [0x00000000e7080000,0x00000000e7080000,0x00000000e8e00000)
 ParOldGen       total 159232K, used 44108K [0x00000000a0000000, 0x00000000a9b80000, 0x00000000e0000000)
  object space 159232K, 27% used [0x00000000a0000000,0x00000000a2b13248,0x00000000a9b80000)
 Metaspace       used 85849K, capacity 91846K, committed 91944K, reserved 1128448K
  class space    used 11701K, capacity 13036K, committed 13096K, reserved 1048576K
Event: 88.614 GC heap after
Heap after GC invocations=24 (full 3):
 PSYoungGen      total 145408K, used 30180K [0x00000000e0000000, 0x00000000ed080000, 0x0000000100000000)
  eden space 115200K, 0% used [0x00000000e0000000,0x00000000e0000000,0x00000000e7080000)
  from space 30208K, 99% used [0x00000000e7080000,0x00000000e8df90a0,0x00000000e8e00000)
  to   space 38912K, 0% used [0x00000000eaa80000,0x00000000eaa80000,0x00000000ed080000)
 ParOldGen       total 159232K, used 55690K [0x00000000a0000000, 0x00000000a9b80000, 0x00000000e0000000)
  object space 159232K, 34% used [0x00000000a0000000,0x00000000a3662b08,0x00000000a9b80000)
 Metaspace       used 85849K, capacity 91846K, committed 91944K, reserved 1128448K
  class space    used 11701K, capacity 13036K, committed 13096K, reserved 1048576K
}

Deoptimization events (10 events):
Event: 93.181 Thread 0x0000000021df9000 Uncommon trap: reason=class_check action=maybe_recompile pc=0x000000000539f170 method=com.google.common.collect.ImmutableList$1.get(I)Ljava/lang/Object; @ 5
Event: 93.181 Thread 0x0000000021df9000 Uncommon trap: reason=class_check action=maybe_recompile pc=0x00000000053a1194 method=com.google.common.collect.IndexedImmutableSet$1.get(I)Ljava/lang/Object; @ 5
Event: 93.182 Thread 0x0000000021df9000 Uncommon trap: reason=class_check action=maybe_recompile pc=0x00000000053a1194 method=com.google.common.collect.IndexedImmutableSet$1.get(I)Ljava/lang/Object; @ 5
Event: 93.182 Thread 0x0000000021df9000 Uncommon trap: reason=class_check action=maybe_recompile pc=0x00000000053a1194 method=com.google.common.collect.IndexedImmutableSet$1.get(I)Ljava/lang/Object; @ 5
Event: 93.242 Thread 0x0000000021df9000 Uncommon trap: reason=bimorphic action=maybe_recompile pc=0x00000000053c81d0 method=com.android.ide.common.symbols.SymbolTable$getSymbolByResourceType$$inlined$compareBy$1.compare(Ljava/lang/Object;Ljava/lang/Object;)I @ 13
Event: 93.243 Thread 0x0000000021df9000 Uncommon trap: reason=bimorphic action=maybe_recompile pc=0x00000000053c81d0 method=com.android.ide.common.symbols.SymbolTable$getSymbolByResourceType$$inlined$compareBy$1.compare(Ljava/lang/Object;Ljava/lang/Object;)I @ 13
Event: 93.243 Thread 0x0000000021df9000 Uncommon trap: reason=bimorphic action=maybe_recompile pc=0x00000000053c81d0 method=com.android.ide.common.symbols.SymbolTable$getSymbolByResourceType$$inlined$compareBy$1.compare(Ljava/lang/Object;Ljava/lang/Object;)I @ 13
Event: 93.243 Thread 0x0000000021df9000 Uncommon trap: reason=bimorphic action=maybe_recompile pc=0x00000000053c81d0 method=com.android.ide.common.symbols.SymbolTable$getSymbolByResourceType$$inlined$compareBy$1.compare(Ljava/lang/Object;Ljava/lang/Object;)I @ 13
Event: 93.260 Thread 0x0000000021df9000 Uncommon trap: reason=unstable_if action=reinterpret pc=0x00000000053c6b48 method=org.objectweb.asm.ByteVector.putShort(I)Lorg/objectweb/asm/ByteVector; @ 13
Event: 93.345 Thread 0x0000000021df9000 Uncommon trap: reason=array_check action=maybe_recompile pc=0x0000000005378eb0 method=java.util.TimSort.reverseRange([Ljava/lang/Object;II)V @ 27

Classes redefined (0 events):
No events

Internal exceptions (10 events):
Event: 85.157 Thread 0x000000001b726000 Implicit null exception at 0x00000000043c5e34 to 0x00000000043caf85
Event: 88.688 Thread 0x0000000021dee800 Exception <a 'java/lang/NoSuchMethodError': <clinit>> (0x00000000e02e7660) thrown at [D:\src\AOSP-openjdk-cygwin\jdk8u\hotspot\src\share\vm\prims\jni.cpp, line 1614]
Event: 88.689 Thread 0x0000000021dee800 Exception <a 'java/lang/NoSuchMethodError': <clinit>> (0x00000000e030ef38) thrown at [D:\src\AOSP-openjdk-cygwin\jdk8u\hotspot\src\share\vm\prims\jni.cpp, line 1614]
Event: 88.690 Thread 0x0000000021dee800 Exception <a 'java/lang/NoSuchMethodError': <clinit>> (0x00000000e0313d48) thrown at [D:\src\AOSP-openjdk-cygwin\jdk8u\hotspot\src\share\vm\prims\jni.cpp, line 1614]
Event: 88.694 Thread 0x0000000021dee800 Exception <a 'java/lang/NoSuchMethodError': <clinit>> (0x00000000e03212f8) thrown at [D:\src\AOSP-openjdk-cygwin\jdk8u\hotspot\src\share\vm\prims\jni.cpp, line 1614]
Event: 88.696 Thread 0x0000000021dee800 Exception <a 'java/lang/NoSuchMethodError': <clinit>> (0x00000000e033cf78) thrown at [D:\src\AOSP-openjdk-cygwin\jdk8u\hotspot\src\share\vm\prims\jni.cpp, line 1614]
Event: 88.699 Thread 0x0000000021dee800 Exception <a 'java/lang/NoSuchMethodError': <clinit>> (0x00000000e03761b0) thrown at [D:\src\AOSP-openjdk-cygwin\jdk8u\hotspot\src\share\vm\prims\jni.cpp, line 1614]
Event: 89.034 Thread 0x0000000021df9000 Exception <a 'java/lang/NoSuchMethodError': java.lang.Object.lambda$negate$1(Ljava/lang/Object;)Z> (0x00000000e060a950) thrown at [D:\src\AOSP-openjdk-cygwin\jdk8u\hotspot\src\share\vm\interpreter\linkResolver.cpp, line 620]
Event: 93.199 Thread 0x0000000021df9000 Exception <a 'sun/nio/fs/WindowsException'> (0x00000000e0fb62e0) thrown at [D:\src\AOSP-openjdk-cygwin\jdk8u\hotspot\src\share\vm\prims\jni.cpp, line 710]
Event: 93.199 Thread 0x0000000021df9000 Exception <a 'sun/nio/fs/WindowsException'> (0x00000000e0fb6788) thrown at [D:\src\AOSP-openjdk-cygwin\jdk8u\hotspot\src\share\vm\prims\jni.cpp, line 710]

Events (10 events):
Event: 93.332 loading class com/android/ide/common/xml/ManifestData$Activity done
Event: 93.332 loading class com/android/ide/common/symbols/SymbolListWithPackageNameWriter
Event: 93.332 loading class com/android/ide/common/symbols/SymbolListWithPackageNameWriter done
Event: 93.344 Executing VM operation: RevokeBias
Event: 93.344 Executing VM operation: RevokeBias done
Event: 93.344 Executing VM operation: RevokeBias
Event: 93.345 Executing VM operation: RevokeBias done
Event: 93.345 Thread 0x0000000021df9000 Uncommon trap: trap_request=0xffffffd6 fr.pc=0x0000000005378eb0
Event: 93.345 Thread 0x0000000021df9000 DEOPT PACKING pc=0x0000000005378eb0 sp=0x00000000266adb30
Event: 93.345 Thread 0x0000000021df9000 DEOPT UNPACKING pc=0x000000000318557b sp=0x00000000266ada70 mode 2


Dynamic libraries:
0x00007ff6f83b0000 - 0x00007ff6f83e1000 	D:\新建文件夹\jre\bin\java.exe
0x00007ffd9ab40000 - 0x00007ffd9ad30000 	C:\WINDOWS\SYSTEM32\ntdll.dll
0x00007ffd9a9a0000 - 0x00007ffd9aa52000 	C:\WINDOWS\System32\KERNEL32.DLL
0x00007ffd98570000 - 0x00007ffd98814000 	C:\WINDOWS\System32\KERNELBASE.dll
0x00007ffd99230000 - 0x00007ffd992d3000 	C:\WINDOWS\System32\ADVAPI32.dll
0x00007ffd9aa60000 - 0x00007ffd9aafe000 	C:\WINDOWS\System32\msvcrt.dll
0x00007ffd99ee0000 - 0x00007ffd99f77000 	C:\WINDOWS\System32\sechost.dll
0x00007ffd99f80000 - 0x00007ffd9a0a0000 	C:\WINDOWS\System32\RPCRT4.dll
0x00007ffd9a1b0000 - 0x00007ffd9a345000 	C:\WINDOWS\System32\USER32.dll
0x00007ffd97c10000 - 0x00007ffd97c31000 	C:\WINDOWS\System32\win32u.dll
0x00007ffd9a970000 - 0x00007ffd9a996000 	C:\WINDOWS\System32\GDI32.dll
0x00007ffd983d0000 - 0x00007ffd98566000 	C:\WINDOWS\System32\gdi32full.dll
0x00007ffd97b70000 - 0x00007ffd97c0e000 	C:\WINDOWS\System32\msvcp_win.dll
0x00007ffd988d0000 - 0x00007ffd989ca000 	C:\WINDOWS\System32\ucrtbase.dll
0x00007ffd86af0000 - 0x00007ffd86d74000 	C:\WINDOWS\WinSxS\amd64_microsoft.windows.common-controls_6595b64144ccf1df_6.0.18362.1016_none_9e7a36bbe461dae4\COMCTL32.dll
0x00007ffd99b10000 - 0x00007ffd99e45000 	C:\WINDOWS\System32\combase.dll
0x00007ffd97ac0000 - 0x00007ffd97b40000 	C:\WINDOWS\System32\bcryptPrimitives.dll
0x00007ffd98c70000 - 0x00007ffd98c9e000 	C:\WINDOWS\System32\IMM32.DLL
0x0000000052fa0000 - 0x0000000053072000 	D:\新建文件夹\jre\jre\bin\msvcr100.dll
0x0000000050b00000 - 0x0000000051346000 	D:\新建文件夹\jre\jre\bin\server\jvm.dll
0x00007ffd9a880000 - 0x00007ffd9a888000 	C:\WINDOWS\System32\PSAPI.DLL
0x00007ffd95760000 - 0x00007ffd95784000 	C:\WINDOWS\SYSTEM32\WINMM.dll
0x00007ffd8b750000 - 0x00007ffd8b759000 	C:\WINDOWS\SYSTEM32\WSOCK32.dll
0x00007ffd92e60000 - 0x00007ffd92e6a000 	C:\WINDOWS\SYSTEM32\VERSION.dll
0x00007ffd95730000 - 0x00007ffd9575d000 	C:\WINDOWS\SYSTEM32\WINMMBASE.dll
0x00007ffd99e70000 - 0x00007ffd99edf000 	C:\WINDOWS\System32\WS2_32.dll
0x00007ffd98ba0000 - 0x00007ffd98bea000 	C:\WINDOWS\System32\cfgmgr32.dll
0x00007ffd89890000 - 0x00007ffd8989f000 	D:\新建文件夹\jre\jre\bin\verify.dll
0x00007ffd7d450000 - 0x00007ffd7d479000 	D:\新建文件夹\jre\jre\bin\java.dll
0x00007ffd7ce90000 - 0x00007ffd7cea6000 	D:\新建文件夹\jre\jre\bin\zip.dll
0x00007ffd99420000 - 0x00007ffd99b07000 	C:\WINDOWS\System32\SHELL32.dll
0x00007ffd9a7d0000 - 0x00007ffd9a879000 	C:\WINDOWS\System32\shcore.dll
0x00007ffd97c40000 - 0x00007ffd983c2000 	C:\WINDOWS\System32\windows.storage.dll
0x00007ffd97a70000 - 0x00007ffd97a93000 	C:\WINDOWS\System32\profapi.dll
0x00007ffd97a20000 - 0x00007ffd97a6a000 	C:\WINDOWS\System32\powrprof.dll
0x00007ffd979f0000 - 0x00007ffd97a00000 	C:\WINDOWS\System32\UMPDC.dll
0x00007ffd9a150000 - 0x00007ffd9a1a2000 	C:\WINDOWS\System32\shlwapi.dll
0x00007ffd97a00000 - 0x00007ffd97a11000 	C:\WINDOWS\System32\kernel.appcore.dll
0x00007ffd98b20000 - 0x00007ffd98b37000 	C:\WINDOWS\System32\cryptsp.dll
0x00007ffd7ce70000 - 0x00007ffd7ce8a000 	D:\新建文件夹\jre\jre\bin\net.dll
0x00007ffd812e0000 - 0x00007ffd814b6000 	C:\WINDOWS\SYSTEM32\urlmon.dll
0x00007ffd80880000 - 0x00007ffd80b26000 	C:\WINDOWS\SYSTEM32\iertutil.dll
0x00007ffd97420000 - 0x00007ffd9742c000 	C:\WINDOWS\SYSTEM32\CRYPTBASE.DLL
0x00007ffd97250000 - 0x00007ffd972b7000 	C:\WINDOWS\system32\mswsock.dll
0x00007ffd7cdf0000 - 0x00007ffd7ce03000 	D:\新建文件夹\jre\jre\bin\nio.dll
0x00007ffd5ef30000 - 0x00007ffd5ef56000 	C:\Users\HuaWei\.gradle\native\30\windows-amd64\native-platform.dll
0x00007ffd88190000 - 0x00007ffd8819d000 	D:\新建文件夹\jre\jre\bin\management.dll
0x00007ffd96d60000 - 0x00007ffd96d93000 	C:\WINDOWS\system32\rsaenh.dll
0x00007ffd97b40000 - 0x00007ffd97b66000 	C:\WINDOWS\System32\bcrypt.dll
0x00007ffd97910000 - 0x00007ffd97935000 	C:\WINDOWS\SYSTEM32\USERENV.dll
0x00007ffd96f60000 - 0x00007ffd96f9a000 	C:\WINDOWS\SYSTEM32\IPHLPAPI.DLL
0x00007ffd990c0000 - 0x00007ffd990c8000 	C:\WINDOWS\System32\NSI.dll
0x00007ffd8f960000 - 0x00007ffd8f976000 	C:\WINDOWS\SYSTEM32\dhcpcsvc6.DLL
0x00007ffd8f8a0000 - 0x00007ffd8f8bc000 	C:\WINDOWS\SYSTEM32\dhcpcsvc.DLL
0x00007ffd96fa0000 - 0x00007ffd9706b000 	C:\WINDOWS\SYSTEM32\DNSAPI.dll

VM Arguments:
jvm_args: -Xmx1536m -Dfile.encoding=GBK -Duser.country=CN -Duser.language=zh -Duser.variant 
java_command: org.gradle.launcher.daemon.bootstrap.GradleDaemon 5.6.4
java_class_path (initial): C:\Users\HuaWei\.gradle\wrapper\dists\gradle-5.6.4-all\ankdp27end7byghfw1q2sw75f\gradle-5.6.4\lib\gradle-launcher-5.6.4.jar
Launcher Type: SUN_STANDARD

Environment Variables:
JAVA_HOME=C:\Program Files\Java\jdk1.8.0_201
CLASSPATH=.;C:\Program Files\Java\jdk1.8.0_201\lib\dt.jar;C:\Program Files\Java\jdk1.8.0_201\lib\tools.jar;
PATH=C:\Program Files\NVIDIA GPU Computing Toolkit\CUDA\v10.0\bin;C:\Program Files\NVIDIA GPU Computing Toolkit\CUDA\v10.0\libnvvp;;D:\新建文件夹\;C:\Program Files (x86)\Common Files\Oracle\Java\javapath;C:\Windows\system32;C:\Windows;C:\Windows\System32\Wbem;C:\Windows\System32\WindowsPowerShell\v1.0\;C:\Windows\System32\OpenSSH\;C:\Program Files (x86)\NVIDIA Corporation\PhysX\Common;C:\Program Files\Java\jdk1.8.0_201\bin;C:\Program Files\Java\jdk1.8.0_201\jre\bin;C:\Program Files\dotnet\;C:\Program Files\Microsoft SQL Server\130\Tools\Binn\;D:\2.19\apache-maven-3.6.1\bin;D:\2.19\apache-tomcat-9.0.19\bin;C:\Program Files\NVIDIA Corporation\NVIDIA NvDLISR;D:\Git\cmd;C:\WINDOWS\system32;C:\WINDOWS;C:\WINDOWS\System32\Wbem;C:\WINDOWS\System32\WindowsPowerShell\v1.0\;C:\WINDOWS\System32\OpenSSH\;C:\Program Files\Intel\WiFi\bin\;C:\Program Files\Common Files\Intel\WirelessCommon\;C:\Program Files (x86)\Intel\Intel(R) Management Engine Components\DAL;C:\Program Files\Intel\Intel(R) Management Engine Components\DAL;D:\node\;D:\matlab\runtime\win64;D:\matlab\bin;C:\Users\HuaWei\AppData\Local\Programs\Python\Python37-32\Scripts\;C:\Users\HuaWei\AppData\Local\Programs\Python\Python37-32\;C:\Users\HuaWei\AppData\Local\Microsoft\WindowsApps;;D:\Microsoft VS Code\bin;D:\PyCharm 2019.3.1\bin;;C:\Users\HuaWei\AppData\Local\Programs\Fiddler;C:\Users\HuaWei\AppData\Roaming\npm
USERNAME=HuaWei
OS=Windows_NT
PROCESSOR_IDENTIFIER=Intel64 Family 6 Model 142 Stepping 10, GenuineIntel



---------------  S Y S T E M  ---------------

OS: Windows 10.0 , 64 bit Build 18362 (10.0.18362.959)

CPU:total 8 (initial active 8) (4 cores per cpu, 2 threads per core) family 6 model 142 stepping 10, cmov, cx8, fxsr, mmx, sse, sse2, sse3, ssse3, sse4.1, sse4.2, popcnt, avx, avx2, aes, clmul, erms, 3dnowpref, lzcnt, ht, tsc, tscinvbit, bmi1, bmi2, adx

Memory: 4k page, physical 8269544k(406964k free), swap 16005376k(3836k free)

vm_info: OpenJDK 64-Bit Server VM (25.212-b04) for windows-amd64 JRE (1.8.0_212-release-1586-b04), built by "builder" with MS VC++ 10.0 (VS2010)

time: Tue Sep 08 20:14:05 2020
timezone: 中国标准时间
elapsed time: 93 seconds (0d 0h 1m 33s)

